{
  "stats": {
    "suites": 1,
    "tests": 9,
    "passes": 9,
    "pending": 0,
    "failures": 0,
    "start": "2023-10-26T13:17:33.200Z",
    "end": "2023-10-26T13:17:36.748Z",
    "duration": 3548,
    "testsRegistered": 9,
    "passPercent": 100,
    "pendingPercent": 0,
    "other": 0,
    "hasOther": false,
    "skipped": 0,
    "hasSkipped": false
  },
  "results": [
    {
      "uuid": "86b51361-5131-4203-abda-ef7f68cf6830",
      "title": "",
      "fullFile": "E:\\Projects\\API\\specs\\petStore.spec.js",
      "file": "\\specs\\petStore.spec.js",
      "beforeHooks": [],
      "afterHooks": [],
      "tests": [],
      "suites": [
        {
          "uuid": "83ada8f7-0177-4650-a036-85c067e45cc6",
          "title": "PetStore Test Suite",
          "fullFile": "E:\\Projects\\API\\specs\\petStore.spec.js",
          "file": "\\specs\\petStore.spec.js",
          "beforeHooks": [],
          "afterHooks": [],
          "tests": [
            {
              "title": "1. Verify that allows creating a User",
              "fullTitle": "PetStore Test Suite 1. Verify that allows creating a User",
              "timedOut": false,
              "duration": 669,
              "state": "passed",
              "speed": "slow",
              "pass": true,
              "fail": false,
              "pending": false,
              "context": null,
              "code": "const response = await axios ({\n     url:\"https://petstore.swagger.io/v2/user/\",\n     method: \"post\",\n     headers: {\n         'Content-type': 'application/json; charset=UTF-8'\n     },\n     data: {\n         \"id\": 1,\n         \"username\": \"FunnyCat\",\n         \"firstName\": \"John\",\n         \"lastName\": \"Wood\",\n         \"email\": \"j.wood@test.com\",\n         \"password\": \"AaTest123\",\n         \"phone\": \"000-000-00-00\",\n         \"userStatus\": 0\n     },\n});\n  expect(response.status).to.equal(200);\n  expect(response.data.message).to.exist;",
              "err": {},
              "uuid": "b627f0e9-cc43-4073-9bd9-69391ab15acd",
              "parentUUID": "83ada8f7-0177-4650-a036-85c067e45cc6",
              "isHook": false,
              "skipped": false
            },
            {
              "title": "2. Verify that allows login as a User",
              "fullTitle": "PetStore Test Suite 2. Verify that allows login as a User",
              "timedOut": false,
              "duration": 372,
              "state": "passed",
              "speed": "slow",
              "pass": true,
              "fail": false,
              "pending": false,
              "context": null,
              "code": "const username=\"FurryPants\";\nconst password = 123;\nconst response = await axios ({\n    url:`https://petstore.swagger.io/v2/user/login?username=${username}&password=${password}`,\n    method:\"get\",\n});\nexpect(response.data.message).to.include('logged in user session');\nexpect(response.status).to.equal(200);",
              "err": {},
              "uuid": "cd4570eb-db0e-48a0-bc02-fffb70e5dad4",
              "parentUUID": "83ada8f7-0177-4650-a036-85c067e45cc6",
              "isHook": false,
              "skipped": false
            },
            {
              "title": "3. Verify that allows creating the list of Users",
              "fullTitle": "PetStore Test Suite 3. Verify that allows creating the list of Users",
              "timedOut": false,
              "duration": 359,
              "state": "passed",
              "speed": "slow",
              "pass": true,
              "fail": false,
              "pending": false,
              "context": null,
              "code": "const response = await axios ({\n     url:\"https://petstore.swagger.io/v2/user/createWithList\",\n     method: \"post\",\n     headers: {\n         'Content-type': 'application/json; charset=UTF-8'\n     },\n     data: [{\n         \"id\": 2,\n         \"username\": \"User1\",\n         \"firstName\": \"Ann\",\n         \"lastName\": \"Cameron\",\n         \"email\": \"a.cameron@test.com\",\n         \"password\": \"Ge@r789\",\n         \"phone\": \"000-000-00-01\",\n         \"userStatus\": 0\n     },\n     {\n        \"id\": 1,\n        \"username\": \"User2\",\n        \"firstName\": \"Ketrin\",\n        \"lastName\": \"Snow\",\n        \"email\": \"k.snow@test.com\",\n        \"password\": \"Tes$t563\",\n        \"phone\": \"000-000-00-02\",\n        \"userStatus\": 0\n    }\n    ],\n});\n   expect(response.status).to.equal(200);\n   expect(response.data.message).to.equal('ok');",
              "err": {},
              "uuid": "e5b42e5f-84c1-4535-91e8-08404d49ac17",
              "parentUUID": "83ada8f7-0177-4650-a036-85c067e45cc6",
              "isHook": false,
              "skipped": false
            },
            {
              "title": "4. Verify that allows Log out User",
              "fullTitle": "PetStore Test Suite 4. Verify that allows Log out User",
              "timedOut": false,
              "duration": 342,
              "state": "passed",
              "speed": "slow",
              "pass": true,
              "fail": false,
              "pending": false,
              "context": null,
              "code": "const response = await axios ({\n    url:\"https://petstore.swagger.io/v2/user/logout\",\n    method:\"get\",\n});\nexpect(response.status).to.equal(200);",
              "err": {},
              "uuid": "0a4d1743-8913-497b-9be2-5bc502a273bc",
              "parentUUID": "83ada8f7-0177-4650-a036-85c067e45cc6",
              "isHook": false,
              "skipped": false
            },
            {
              "title": "5. Verify that allows adding a new Pet",
              "fullTitle": "PetStore Test Suite 5. Verify that allows adding a new Pet",
              "timedOut": false,
              "duration": 342,
              "state": "passed",
              "speed": "slow",
              "pass": true,
              "fail": false,
              "pending": false,
              "context": null,
              "code": "const response = await axios ({\n     url:\"https://petstore.swagger.io/v2/pet\",\n     method: \"post\",\n     headers: {\n         'Content-type': 'application/json; charset=UTF-8'\n     },\n     data:{\n            \"id\": petId,\n            \"category\": {\n              \"id\": 1,\n              \"name\": \"Dog\"\n            },\n            \"name\": \"Panda\",\n            \"photoUrls\": [\n              \"https://petstore/photos/125\"\n            ],\n            \"tags\": [\n              {\n                \"id\": 125,\n                \"name\": \"sun\"\n              }\n            ],\n            \"status\": \"available\"\n          },\n});\n   expect(response.status).to.equal(200);\n   expect(response.data.status).to.equal('available');",
              "err": {},
              "uuid": "061d6d3c-04ee-4edc-888c-193c8039c0c6",
              "parentUUID": "83ada8f7-0177-4650-a036-85c067e45cc6",
              "isHook": false,
              "skipped": false
            },
            {
              "title": "6. Verify that allows uploading the image",
              "fullTitle": "PetStore Test Suite 6. Verify that allows uploading the image",
              "timedOut": false,
              "duration": 361,
              "state": "passed",
              "speed": "slow",
              "pass": true,
              "fail": false,
              "pending": false,
              "context": null,
              "code": "const petId = 125;\nconst fileToUpload = 'E:/Projects/API/helpers/images/panda.png'; \nconst apiUrl = `https://petstore.swagger.io/v2/pet/${petId}/uploadImage`; \nconst additionalMetadata = \"new file\";\nconst formData = new FormData();\nformData.append('file', fileToUpload);\nformData.append('additionalMetadata', \"newImage\")\nconst response = await axios.post(apiUrl, formData, {\n  headers: {\n    'Content-Type': 'multipart/form-data',\n  },\n});\nexpect(response.status).to.equal(200);\nexpect(response.data.message).to.include(\"File uploaded\");",
              "err": {},
              "uuid": "e3b5b4d4-2af5-4195-b0ae-03fe8fc8976e",
              "parentUUID": "83ada8f7-0177-4650-a036-85c067e45cc6",
              "isHook": false,
              "skipped": false
            },
            {
              "title": "7. Verify that allows updating Pet`s image information for existing Pet",
              "fullTitle": "PetStore Test Suite 7. Verify that allows updating Pet`s image information for existing Pet",
              "timedOut": false,
              "duration": 369,
              "state": "passed",
              "speed": "slow",
              "pass": true,
              "fail": false,
              "pending": false,
              "context": null,
              "code": "const response = await axios ({\nurl:\"https://petstore.swagger.io/v2/pet\",\nmethod: \"put\",\nheaders: {\n    'Content-type': 'application/json; charset=UTF-8'\n},\ndata:{\n       \"id\": petId,\n       \"category\": {\n         \"id\": 12,\n         \"name\": \"Dog\"\n       },\n       \"name\": \"Panda\",\n       \"photoUrls\": [\n         \"https://petstore/photos/125/updated\"\n       ],\n       \"tags\": [\n         {\n           \"id\": 11,\n           \"name\": \"sun\"\n         }\n       ],\n       \"status\": \"available\"\n     },\n   });\n   expect(response.status).to.equal(200);\n   expect(response.data.photoUrls).to.include(\"https://petstore/photos/125/updated\");",
              "err": {},
              "uuid": "a6025643-3632-409c-b316-9a77ebab8282",
              "parentUUID": "83ada8f7-0177-4650-a036-85c067e45cc6",
              "isHook": false,
              "skipped": false
            },
            {
              "title": "8. Verify that allows updating Pet`s name and status",
              "fullTitle": "PetStore Test Suite 8. Verify that allows updating Pet`s name and status",
              "timedOut": false,
              "duration": 362,
              "state": "passed",
              "speed": "slow",
              "pass": true,
              "fail": false,
              "pending": false,
              "context": null,
              "code": "const response = await axios ({\n     url:`https://petstore.swagger.io/v2/pet/${petId}`,\n     method: \"post\",\n     headers: {\n         'Content-type': 'application/x-www-form-urlencoded; charset=UTF-8'\n     },\n     data: 'name=Bars&status=pending',\n});         \n   expect(response.status).to.equal(200);\n   expect(response.data.message).to.equal(`${petId}`);",
              "err": {},
              "uuid": "cb843665-9ee3-4c03-a287-657d86df6f6e",
              "parentUUID": "83ada8f7-0177-4650-a036-85c067e45cc6",
              "isHook": false,
              "skipped": false
            },
            {
              "title": "9. Verify that allows deleting Pet",
              "fullTitle": "PetStore Test Suite 9. Verify that allows deleting Pet",
              "timedOut": false,
              "duration": 357,
              "state": "passed",
              "speed": "slow",
              "pass": true,
              "fail": false,
              "pending": false,
              "context": null,
              "code": "const response = await axios ({\n     url: `https://petstore.swagger.io/v2/pet/${petId}`,\n     method: \"delete\",\n     headers: {\n         'Content-type': 'application/json; charset=UTF-8;',\n         'api-key':'q'\n     },\n});\n   expect(response.status).to.equal(200);\n   expect(response.data.message).to.equal(`${petId}`);",
              "err": {},
              "uuid": "a7d272b1-867a-4f6a-b007-2bcdf132feb3",
              "parentUUID": "83ada8f7-0177-4650-a036-85c067e45cc6",
              "isHook": false,
              "skipped": false
            }
          ],
          "suites": [],
          "passes": [
            "b627f0e9-cc43-4073-9bd9-69391ab15acd",
            "cd4570eb-db0e-48a0-bc02-fffb70e5dad4",
            "e5b42e5f-84c1-4535-91e8-08404d49ac17",
            "0a4d1743-8913-497b-9be2-5bc502a273bc",
            "061d6d3c-04ee-4edc-888c-193c8039c0c6",
            "e3b5b4d4-2af5-4195-b0ae-03fe8fc8976e",
            "a6025643-3632-409c-b316-9a77ebab8282",
            "cb843665-9ee3-4c03-a287-657d86df6f6e",
            "a7d272b1-867a-4f6a-b007-2bcdf132feb3"
          ],
          "failures": [],
          "pending": [],
          "skipped": [],
          "duration": 3533,
          "root": false,
          "rootEmpty": false,
          "_timeout": 2000
        }
      ],
      "passes": [],
      "failures": [],
      "pending": [],
      "skipped": [],
      "duration": 0,
      "root": true,
      "rootEmpty": true,
      "_timeout": 2000
    }
  ],
  "meta": {
    "mocha": {
      "version": "10.2.0"
    },
    "mochawesome": {
      "options": {
        "quiet": false,
        "reportFilename": "mochawesome",
        "saveHtml": true,
        "saveJson": true,
        "consoleReporter": "spec",
        "useInlineDiffs": false,
        "code": true
      },
      "version": "7.1.3"
    },
    "marge": {
      "options": null,
      "version": "6.2.0"
    }
  }
}