{
  "stats": {
    "suites": 1,
    "tests": 9,
    "passes": 9,
    "pending": 0,
    "failures": 0,
    "start": "2023-10-26T13:07:13.109Z",
    "end": "2023-10-26T13:07:16.684Z",
    "duration": 3575,
    "testsRegistered": 9,
    "passPercent": 100,
    "pendingPercent": 0,
    "other": 0,
    "hasOther": false,
    "skipped": 0,
    "hasSkipped": false
  },
  "results": [
    {
      "uuid": "2b6e9558-3cb9-4bad-a432-24dd5c8a57f9",
      "title": "",
      "fullFile": "E:\\Projects\\API\\specs\\petStore.spec.js",
      "file": "\\specs\\petStore.spec.js",
      "beforeHooks": [],
      "afterHooks": [],
      "tests": [],
      "suites": [
        {
          "uuid": "4f0f15ba-f696-4368-a452-e7aac9891239",
          "title": "PetStore Test Suite",
          "fullFile": "E:\\Projects\\API\\specs\\petStore.spec.js",
          "file": "\\specs\\petStore.spec.js",
          "beforeHooks": [],
          "afterHooks": [],
          "tests": [
            {
              "title": "1. Verify that allows creating a User",
              "fullTitle": "PetStore Test Suite 1. Verify that allows creating a User",
              "timedOut": false,
              "duration": 533,
              "state": "passed",
              "speed": "slow",
              "pass": true,
              "fail": false,
              "pending": false,
              "context": null,
              "code": "const response = await axios ({\n     url:\"https://petstore.swagger.io/v2/user/\",\n     method: \"post\",\n     headers: {\n         'Content-type': 'application/json; charset=UTF-8'\n     },\n     data: {\n         \"id\": 1,\n         \"username\": \"FunnyCat\",\n         \"firstName\": \"John\",\n         \"lastName\": \"Wood\",\n         \"email\": \"j.wood@test.com\",\n         \"password\": \"AaTest123\",\n         \"phone\": \"000-000-00-00\",\n         \"userStatus\": 0\n     },\n});\n  expect(response.status).to.equal(200);\n  expect(response.data.message).to.exist;",
              "err": {},
              "uuid": "3f691cb8-e74a-4ced-a02e-80db6a6f00b9",
              "parentUUID": "4f0f15ba-f696-4368-a452-e7aac9891239",
              "isHook": false,
              "skipped": false
            },
            {
              "title": "2. Verify that allows login as a User",
              "fullTitle": "PetStore Test Suite 2. Verify that allows login as a User",
              "timedOut": false,
              "duration": 361,
              "state": "passed",
              "speed": "slow",
              "pass": true,
              "fail": false,
              "pending": false,
              "context": null,
              "code": "const username=\"FurryPants\";\nconst password = 123;\nconst response = await axios ({\n    url:`https://petstore.swagger.io/v2/user/login?username=${username}&password=${password}`,\n    method:\"get\",\n});\nexpect(response.data.message).to.include('logged in user session');\nexpect(response.status).to.equal(200);",
              "err": {},
              "uuid": "550e5c45-3314-4128-af3e-6079cac28e78",
              "parentUUID": "4f0f15ba-f696-4368-a452-e7aac9891239",
              "isHook": false,
              "skipped": false
            },
            {
              "title": "3. Verify that allows creating the list of Users",
              "fullTitle": "PetStore Test Suite 3. Verify that allows creating the list of Users",
              "timedOut": false,
              "duration": 352,
              "state": "passed",
              "speed": "slow",
              "pass": true,
              "fail": false,
              "pending": false,
              "context": null,
              "code": "const response = await axios ({\n     url:\"https://petstore.swagger.io/v2/user/createWithList\",\n     method: \"post\",\n     headers: {\n         'Content-type': 'application/json; charset=UTF-8'\n     },\n     data: [{\n         \"id\": 2,\n         \"username\": \"User1\",\n         \"firstName\": \"Ann\",\n         \"lastName\": \"Cameron\",\n         \"email\": \"a.cameron@test.com\",\n         \"password\": \"Ge@r789\",\n         \"phone\": \"000-000-00-01\",\n         \"userStatus\": 0\n     },\n     {\n        \"id\": 1,\n        \"username\": \"User2\",\n        \"firstName\": \"Ketrin\",\n        \"lastName\": \"Snow\",\n        \"email\": \"k.snow@test.com\",\n        \"password\": \"Tes$t563\",\n        \"phone\": \"000-000-00-02\",\n        \"userStatus\": 0\n    }\n    ],\n});\n   expect(response.status).to.equal(200);\n   expect(response.data.message).to.equal('ok');",
              "err": {},
              "uuid": "96046220-0a19-4ec9-9a79-c70847c217e6",
              "parentUUID": "4f0f15ba-f696-4368-a452-e7aac9891239",
              "isHook": false,
              "skipped": false
            },
            {
              "title": "4. Verify that allows Log out User",
              "fullTitle": "PetStore Test Suite 4. Verify that allows Log out User",
              "timedOut": false,
              "duration": 375,
              "state": "passed",
              "speed": "slow",
              "pass": true,
              "fail": false,
              "pending": false,
              "context": null,
              "code": "const response = await axios ({\n    url:\"https://petstore.swagger.io/v2/user/logout\",\n    method:\"get\",\n});\nexpect(response.status).to.equal(200);",
              "err": {},
              "uuid": "5490fce1-31e0-4d85-b697-2fa5b0e2dc98",
              "parentUUID": "4f0f15ba-f696-4368-a452-e7aac9891239",
              "isHook": false,
              "skipped": false
            },
            {
              "title": "5. Verify that allows adding a new Pet",
              "fullTitle": "PetStore Test Suite 5. Verify that allows adding a new Pet",
              "timedOut": false,
              "duration": 516,
              "state": "passed",
              "speed": "slow",
              "pass": true,
              "fail": false,
              "pending": false,
              "context": null,
              "code": "const response = await axios ({\n     url:\"https://petstore.swagger.io/v2/pet\",\n     method: \"post\",\n     headers: {\n         'Content-type': 'application/json; charset=UTF-8'\n     },\n     data:{\n            \"id\": petId,\n            \"category\": {\n              \"id\": 1,\n              \"name\": \"Dog\"\n            },\n            \"name\": \"Panda\",\n            \"photoUrls\": [\n              \"https://petstore/photos/125\"\n            ],\n            \"tags\": [\n              {\n                \"id\": 125,\n                \"name\": \"sun\"\n              }\n            ],\n            \"status\": \"available\"\n          },\n});\n   expect(response.status).to.equal(200);\n   expect(response.data.status).to.equal('available');",
              "err": {},
              "uuid": "a8ab70c0-72fe-45c1-9372-9d6b5edacab1",
              "parentUUID": "4f0f15ba-f696-4368-a452-e7aac9891239",
              "isHook": false,
              "skipped": false
            },
            {
              "title": "6. Verify that allows uploading the image",
              "fullTitle": "PetStore Test Suite 6. Verify that allows uploading the image",
              "timedOut": false,
              "duration": 364,
              "state": "passed",
              "speed": "slow",
              "pass": true,
              "fail": false,
              "pending": false,
              "context": null,
              "code": "const petId = 125;\nconst fileToUpload = 'E:/Projects/API/helpers/images/panda.png'; \nconst apiUrl = `https://petstore.swagger.io/v2/pet/${petId}/uploadImage`; \nconst additionalMetadata = \"new file\";\nconst formData = new FormData();\nformData.append('file', fileToUpload);\nformData.append('additionalMetadata', \"newImage\")\nconst response = await axios.post(apiUrl, formData, {\n  headers: {\n    'Content-Type': 'multipart/form-data',\n  },\n});\nexpect(response.status).to.equal(200);\nexpect(response.data.message).to.include(\"File uploaded\");",
              "err": {},
              "uuid": "78097905-a1f3-446d-87f7-4c9180662b57",
              "parentUUID": "4f0f15ba-f696-4368-a452-e7aac9891239",
              "isHook": false,
              "skipped": false
            },
            {
              "title": "7. Verify that allows updating Pet`s image information for existing Pet",
              "fullTitle": "PetStore Test Suite 7. Verify that allows updating Pet`s image information for existing Pet",
              "timedOut": false,
              "duration": 349,
              "state": "passed",
              "speed": "slow",
              "pass": true,
              "fail": false,
              "pending": false,
              "context": null,
              "code": "const response = await axios ({\nurl:\"https://petstore.swagger.io/v2/pet\",\nmethod: \"put\",\nheaders: {\n    'Content-type': 'application/json; charset=UTF-8'\n},\ndata:{\n       \"id\": petId,\n       \"category\": {\n         \"id\": 12,\n         \"name\": \"Dog\"\n       },\n       \"name\": \"Panda\",\n       \"photoUrls\": [\n         \"https://petstore/photos/125/updated\"\n       ],\n       \"tags\": [\n         {\n           \"id\": 11,\n           \"name\": \"sun\"\n         }\n       ],\n       \"status\": \"available\"\n     },\n   });\n   expect(response.status).to.equal(200);\n   expect(response.data.photoUrls).to.include(\"https://petstore/photos/125/updated\");",
              "err": {},
              "uuid": "00448de0-0316-4371-b4ae-efd35d1ebcf5",
              "parentUUID": "4f0f15ba-f696-4368-a452-e7aac9891239",
              "isHook": false,
              "skipped": false
            },
            {
              "title": "8. Verify that allows updating Pet`s name and status",
              "fullTitle": "PetStore Test Suite 8. Verify that allows updating Pet`s name and status",
              "timedOut": false,
              "duration": 367,
              "state": "passed",
              "speed": "slow",
              "pass": true,
              "fail": false,
              "pending": false,
              "context": null,
              "code": "const response = await axios ({\n     url:`https://petstore.swagger.io/v2/pet/${petId}`,\n     method: \"post\",\n     headers: {\n         'Content-type': 'application/x-www-form-urlencoded; charset=UTF-8'\n     },\n     data: 'name=Bars&status=pending',\n});         \n   expect(response.status).to.equal(200);\n   expect(response.data.message).to.equal(`${petId}`);",
              "err": {},
              "uuid": "cb8d9112-7d97-43c4-b06d-e0e5e31f6bc4",
              "parentUUID": "4f0f15ba-f696-4368-a452-e7aac9891239",
              "isHook": false,
              "skipped": false
            },
            {
              "title": "9. Verify that allows deleting Pet",
              "fullTitle": "PetStore Test Suite 9. Verify that allows deleting Pet",
              "timedOut": false,
              "duration": 343,
              "state": "passed",
              "speed": "slow",
              "pass": true,
              "fail": false,
              "pending": false,
              "context": null,
              "code": "const response = await axios ({\n     url: `https://petstore.swagger.io/v2/pet/${petId}`,\n     method: \"delete\",\n     headers: {\n         'Content-type': 'application/json; charset=UTF-8;',\n         'api-key':'q'\n     },\n});\n   expect(response.status).to.equal(200);\n   expect(response.data.message).to.equal(`${petId}`);",
              "err": {},
              "uuid": "088aa2f2-b5a1-49ee-8375-fe4d9f42e5da",
              "parentUUID": "4f0f15ba-f696-4368-a452-e7aac9891239",
              "isHook": false,
              "skipped": false
            }
          ],
          "suites": [],
          "passes": [
            "3f691cb8-e74a-4ced-a02e-80db6a6f00b9",
            "550e5c45-3314-4128-af3e-6079cac28e78",
            "96046220-0a19-4ec9-9a79-c70847c217e6",
            "5490fce1-31e0-4d85-b697-2fa5b0e2dc98",
            "a8ab70c0-72fe-45c1-9372-9d6b5edacab1",
            "78097905-a1f3-446d-87f7-4c9180662b57",
            "00448de0-0316-4371-b4ae-efd35d1ebcf5",
            "cb8d9112-7d97-43c4-b06d-e0e5e31f6bc4",
            "088aa2f2-b5a1-49ee-8375-fe4d9f42e5da"
          ],
          "failures": [],
          "pending": [],
          "skipped": [],
          "duration": 3560,
          "root": false,
          "rootEmpty": false,
          "_timeout": 2000
        }
      ],
      "passes": [],
      "failures": [],
      "pending": [],
      "skipped": [],
      "duration": 0,
      "root": true,
      "rootEmpty": true,
      "_timeout": 2000
    }
  ],
  "meta": {
    "mocha": {
      "version": "10.2.0"
    },
    "mochawesome": {
      "options": {
        "quiet": false,
        "reportFilename": "mochawesome",
        "saveHtml": true,
        "saveJson": true,
        "consoleReporter": "spec",
        "useInlineDiffs": false,
        "code": true
      },
      "version": "7.1.3"
    },
    "marge": {
      "options": null,
      "version": "6.2.0"
    }
  }
}